DEBUG:root:Order:2 17 4.0
DEBUG:root:Finish turn

DEBUG:root:Order:2 18 4.0
DEBUG:root:Finish turn

DEBUG:root:Order:2 9 40.0
DEBUG:root:Finish turn

DEBUG:root:Order:2 10 40.0
DEBUG:root:Finish turn

DEBUG:root:Order:2 4 28.0
DEBUG:root:Finish turn

DEBUG:root:Finish turn

DEBUG:root:Finish turn

DEBUG:root:Finish turn

DEBUG:root:Finish turn

DEBUG:root:Finish turn

DEBUG:root:Finish turn

DEBUG:root:Finish turn

DEBUG:root:Order:2 0 41.0
DEBUG:root:Finish turn

DEBUG:root:Finish turn

DEBUG:root:Order:17 3 43.0
DEBUG:root:Finish turn

DEBUG:root:Finish turn

DEBUG:root:Finish turn

DEBUG:root:Finish turn

DEBUG:root:Finish turn

DEBUG:root:Finish turn

DEBUG:root:Finish turn

DEBUG:root:Finish turn

DEBUG:root:Finish turn

DEBUG:root:Order:2 8 55.0
DEBUG:root:Finish turn

DEBUG:root:Finish turn

<<<<<<< HEAD
DEBUG:root:Order:10 4 28.0
DEBUG:root:Order:22 0 1.0
DEBUG:root:Finish turn

=======
DEBUG:root:Finish turn

DEBUG:root:Order:17 11 58.0
>>>>>>> ceda71226e18b4b4b9f0496071e87bbe3657e503
DEBUG:root:Finish turn

DEBUG:root:Finish turn

DEBUG:root:Finish turn

<<<<<<< HEAD
DEBUG:root:Order:2 22 29.0
=======
DEBUG:root:Order:9 12 58.0
>>>>>>> ceda71226e18b4b4b9f0496071e87bbe3657e503
DEBUG:root:Finish turn

DEBUG:root:Finish turn

<<<<<<< HEAD
DEBUG:root:Finish turn

DEBUG:root:Order:17 11 58.0
DEBUG:root:Finish turn

DEBUG:root:Order:10 12 58.0
=======
DEBUG:root:Order:10 15 63.0
DEBUG:root:Finish turn

DEBUG:root:Order:2 4 28.0
DEBUG:root:Finish turn

>>>>>>> ceda71226e18b4b4b9f0496071e87bbe3657e503
DEBUG:root:Finish turn

DEBUG:root:Finish turn

DEBUG:root:Finish turn

DEBUG:root:Finish turn

DEBUG:root:Finish turn

DEBUG:root:Finish turn

<<<<<<< HEAD
=======
DEBUG:root:Order:8 3 13.0
DEBUG:root:Order:17 16 63.0
>>>>>>> ceda71226e18b4b4b9f0496071e87bbe3657e503
DEBUG:root:Finish turn

DEBUG:root:Finish turn

<<<<<<< HEAD
DEBUG:root:Order:2 15 63.0
=======
DEBUG:root:Order:2 19 63.0
>>>>>>> ceda71226e18b4b4b9f0496071e87bbe3657e503
DEBUG:root:Finish turn

DEBUG:root:Finish turn

DEBUG:root:Finish turn

DEBUG:root:Finish turn

<<<<<<< HEAD
DEBUG:root:Order:17 16 63.0
DEBUG:root:Finish turn

DEBUG:root:Finish turn

DEBUG:root:Finish turn

DEBUG:root:Finish turn

DEBUG:root:Order:10 19 63.0
DEBUG:root:Finish turn

DEBUG:root:Order:0 4 19.0
=======
DEBUG:root:Order:9 20 63.0
DEBUG:root:Finish turn

DEBUG:root:Finish turn

DEBUG:root:Order:8 13 50.0
DEBUG:root:Finish turn

DEBUG:root:Finish turn

DEBUG:root:Order:2 0 36.0
DEBUG:root:Finish turn

DEBUG:root:Finish turn

DEBUG:root:Finish turn

DEBUG:root:Order:17 21 63.0
DEBUG:root:Finish turn

DEBUG:root:Finish turn

DEBUG:root:Finish turn

DEBUG:root:Finish turn

DEBUG:root:Finish turn

DEBUG:root:Order:17 11 26.0
DEBUG:root:Finish turn

DEBUG:root:Finish turn

DEBUG:root:Order:2 14 29.0
DEBUG:root:Finish turn

DEBUG:root:Order:2 4 28.0
DEBUG:root:Finish turn

DEBUG:root:Order:20 22 19.0
DEBUG:root:Finish turn

DEBUG:root:Order:2 3 4.0
DEBUG:root:Finish turn

DEBUG:root:Finish turn

>>>>>>> ceda71226e18b4b4b9f0496071e87bbe3657e503
DEBUG:root:Finish turn

DEBUG:root:Finish turn

<<<<<<< HEAD
DEBUG:root:Finish turn

DEBUG:root:Order:8 20 38.0
DEBUG:root:Order:7 21 63.0
=======
DEBUG:root:Order:2 0 26.0
DEBUG:root:Order:19 7 54.0
DEBUG:root:Finish turn

>>>>>>> ceda71226e18b4b4b9f0496071e87bbe3657e503
DEBUG:root:Finish turn

DEBUG:root:Finish turn

<<<<<<< HEAD
DEBUG:root:Order:2 13 67.0
=======
>>>>>>> ceda71226e18b4b4b9f0496071e87bbe3657e503
DEBUG:root:Finish turn

DEBUG:root:Finish turn

DEBUG:root:Finish turn

<<<<<<< HEAD
DEBUG:root:Order:0 22 21.0
DEBUG:root:Order:17 14 67.0
DEBUG:root:Finish turn

DEBUG:root:Finish turn

=======
DEBUG:root:Order:17 2 27.0
DEBUG:root:Finish turn

DEBUG:root:Order:19 6 8.0
DEBUG:root:Order:17 14 29.0
DEBUG:root:Finish turn

DEBUG:root:Order:17 3 7.0
>>>>>>> ceda71226e18b4b4b9f0496071e87bbe3657e503
DEBUG:root:Finish turn

DEBUG:root:Finish turn

DEBUG:root:Finish turn

DEBUG:root:Finish turn

<<<<<<< HEAD
DEBUG:root:Order:8 16 43.0
DEBUG:root:Finish turn

DEBUG:root:Order:8 12 28.0
=======
DEBUG:root:Order:19 6 8.0
DEBUG:root:Finish turn

DEBUG:root:Order:17 21 16.0
>>>>>>> ceda71226e18b4b4b9f0496071e87bbe3657e503
DEBUG:root:Finish turn

DEBUG:root:Finish turn

DEBUG:root:Finish turn

<<<<<<< HEAD
DEBUG:root:Order:17 0 45.0
DEBUG:root:Order:10 5 79.0
DEBUG:root:Finish turn

DEBUG:root:Order:7 6 79.0
DEBUG:root:Finish turn

=======
DEBUG:root:Order:17 2 27.0
DEBUG:root:Finish turn

DEBUG:root:Order:7 0 24.0
DEBUG:root:Finish turn

DEBUG:root:Order:17 22 26.0
>>>>>>> ceda71226e18b4b4b9f0496071e87bbe3657e503
DEBUG:root:Finish turn

DEBUG:root:Order:19 5 79.0
DEBUG:root:Finish turn

DEBUG:root:Finish turn

<<<<<<< HEAD
DEBUG:root:Order:15 1 66.0
=======
DEBUG:root:Order:2 3 4.0
>>>>>>> ceda71226e18b4b4b9f0496071e87bbe3657e503
DEBUG:root:Finish turn

DEBUG:root:Finish turn

DEBUG:root:Finish turn

<<<<<<< HEAD
DEBUG:root:Order:16 22 24.0
=======
DEBUG:root:Order:17 4 34.0
>>>>>>> ceda71226e18b4b4b9f0496071e87bbe3657e503
DEBUG:root:Finish turn

DEBUG:root:Order:6 11 4.0
DEBUG:root:Finish turn

DEBUG:root:Order:19 6 12.0
DEBUG:root:Finish turn

DEBUG:root:Finish turn

DEBUG:root:Order:10 4 42.0
DEBUG:root:Finish turn

DEBUG:root:Order:6 11 4.0
DEBUG:root:Order:19 21 18.0
DEBUG:root:Finish turn

DEBUG:root:Order:15 13 51.0
DEBUG:root:Finish turn

DEBUG:root:Order:8 20 44.0
DEBUG:root:Finish turn

DEBUG:root:Finish turn

DEBUG:root:Order:2 9 97.0
DEBUG:root:Finish turn

<<<<<<< HEAD
=======
DEBUG:root:Order:19 3 23.0
>>>>>>> ceda71226e18b4b4b9f0496071e87bbe3657e503
DEBUG:root:Finish turn

DEBUG:root:Order:10 14 22.0
DEBUG:root:Finish turn

DEBUG:root:Order:2 21 65.0
DEBUG:root:Finish turn

DEBUG:root:Order:19 6 12.0
DEBUG:root:Finish turn

DEBUG:root:Order:19 11 6.0
DEBUG:root:Finish turn

DEBUG:root:Finish turn

DEBUG:root:Finish turn

DEBUG:root:Finish turn

<<<<<<< HEAD
DEBUG:root:Order:1 18 40.0
DEBUG:root:Order:5 12 27.0
=======
>>>>>>> ceda71226e18b4b4b9f0496071e87bbe3657e503
DEBUG:root:Finish turn

DEBUG:root:Finish turn

DEBUG:root:Order:1 22 16.0
DEBUG:root:Order:15 0 37.0
DEBUG:root:Finish turn

DEBUG:root:Order:16 6 77.0
DEBUG:root:Finish turn

DEBUG:root:Finish turn

DEBUG:root:Finish turn

DEBUG:root:Finish turn

DEBUG:root:Order:5 22 20.0
DEBUG:root:Finish turn

<<<<<<< HEAD
DEBUG:root:Order:11 13 93.0
=======
>>>>>>> ceda71226e18b4b4b9f0496071e87bbe3657e503
DEBUG:root:Finish turn

DEBUG:root:Finish turn

DEBUG:root:Finish turn

DEBUG:root:Finish turn

DEBUG:root:Finish turn

<<<<<<< HEAD
DEBUG:root:Order:18 22 16.0
=======
>>>>>>> ceda71226e18b4b4b9f0496071e87bbe3657e503
DEBUG:root:Finish turn

DEBUG:root:Finish turn

DEBUG:root:Finish turn

DEBUG:root:Finish turn

DEBUG:root:Finish turn

DEBUG:root:Finish turn

DEBUG:root:Finish turn

DEBUG:root:Finish turn

DEBUG:root:Finish turn

DEBUG:root:Finish turn

DEBUG:root:Finish turn

DEBUG:root:Finish turn

DEBUG:root:Finish turn

DEBUG:root:Finish turn

DEBUG:root:Finish turn

DEBUG:root:Finish turn

