DEBUG:root:Order:2 3 10.0
DEBUG:root:Finish turn

DEBUG:root:Order:2 4 10.0
DEBUG:root:Finish turn

DEBUG:root:Order:2 19 15.0
DEBUG:root:Finish turn

DEBUG:root:Order:2 20 15.0
DEBUG:root:Order:2 4 32
DEBUG:root:Finish turn

DEBUG:root:Order:2 15 20.0
DEBUG:root:Bad order:4 3.0 8
DEBUG:root:Finish turn

DEBUG:root:Order:2 16 20.0
DEBUG:root:Order:4 0 26.0
DEBUG:root:Order:4 2 4
DEBUG:root:Finish turn

DEBUG:root:Order:2 4 1
DEBUG:root:Finish turn

DEBUG:root:Order:2 19 6
DEBUG:root:Order:4 19 2
DEBUG:root:Finish turn

DEBUG:root:Order:2 19 2
DEBUG:root:Order:2 4 2
DEBUG:root:Finish turn

DEBUG:root:Order:2 19 1
DEBUG:root:Order:4 19 1
DEBUG:root:Finish turn

DEBUG:root:Order:2 19 1
DEBUG:root:Order:2 4 2
DEBUG:root:Finish turn

DEBUG:root:Order:2 15 11
DEBUG:root:Order:4 15 10
DEBUG:root:Bad order:19 5.0 7
DEBUG:root:Finish turn

DEBUG:root:Order:19 15 5
DEBUG:root:Order:2 15 2
DEBUG:root:Finish turn

DEBUG:root:Order:2 4 1
DEBUG:root:Order:2 15 1
DEBUG:root:Order:2 19 1
DEBUG:root:Finish turn

DEBUG:root:Order:2 19 1
DEBUG:root:Order:2 4 2
DEBUG:root:Finish turn

DEBUG:root:Order:2 19 1
DEBUG:root:Finish turn

DEBUG:root:Order:2 19 2
DEBUG:root:Finish turn

DEBUG:root:Order:2 19 3
DEBUG:root:Order:2 4 1
DEBUG:root:Finish turn

DEBUG:root:Order:2 0 12
DEBUG:root:Order:15 0 12
DEBUG:root:Order:4 0 10
DEBUG:root:Order:19 0 9
DEBUG:root:Finish turn

DEBUG:root:Order:15 9 40.0
DEBUG:root:Order:2 15 10
DEBUG:root:Order:4 15 7
DEBUG:root:Order:19 15 6
DEBUG:root:Bad order:0 2.0 5
DEBUG:root:Finish turn

DEBUG:root:Bad order:0 3.0 4
DEBUG:root:Order:2 15 3
DEBUG:root:Finish turn

DEBUG:root:Bad order:0 4.0 10
DEBUG:root:Order:2 19 10
DEBUG:root:Order:4 19 7
DEBUG:root:Order:15 19 3
DEBUG:root:Finish turn

DEBUG:root:Bad order:0 5.0 8
DEBUG:root:Order:2 19 2
DEBUG:root:Finish turn

DEBUG:root:Bad order:0 6.0 7
DEBUG:root:Order:2 19 3
DEBUG:root:Order:15 19 1
DEBUG:root:Finish turn

DEBUG:root:Order:0 19 5
DEBUG:root:Order:2 19 2
DEBUG:root:Finish turn

DEBUG:root:Order:2 19 2
DEBUG:root:Order:2 4 1
DEBUG:root:Order:2 0 3
DEBUG:root:Order:15 0 1
DEBUG:root:Finish turn

DEBUG:root:Order:19 10 40.0
DEBUG:root:Bad order:0 4.0 10
DEBUG:root:Order:15 19 9
DEBUG:root:Order:2 19 8
DEBUG:root:Order:4 19 7
DEBUG:root:Finish turn

DEBUG:root:Order:2 19 4
DEBUG:root:Order:15 19 2
DEBUG:root:Order:4 19 1
DEBUG:root:Finish turn

DEBUG:root:Order:2 19 3
DEBUG:root:Order:15 19 1
DEBUG:root:Finish turn

DEBUG:root:Order:2 19 1
DEBUG:root:Order:2 4 2
DEBUG:root:Finish turn

DEBUG:root:Order:2 19 1
DEBUG:root:Finish turn

DEBUG:root:Order:15 5 46.0
DEBUG:root:Order:2 15 12
DEBUG:root:Order:4 15 9
DEBUG:root:Order:19 15 6
DEBUG:root:Order:0 15 5
DEBUG:root:Finish turn

DEBUG:root:Order:2 0 7
DEBUG:root:Order:4 0 4
DEBUG:root:Order:19 0 3
DEBUG:root:Order:15 0 1
DEBUG:root:Finish turn

DEBUG:root:Order:2 0 1
DEBUG:root:Order:2 19 1
DEBUG:root:Order:2 4 2
DEBUG:root:Finish turn

DEBUG:root:Order:2 9 13
DEBUG:root:Order:4 9 13
DEBUG:root:Order:0 9 10
DEBUG:root:Order:19 9 10
DEBUG:root:Finish turn

DEBUG:root:Order:2 0 1
DEBUG:root:Order:2 9 1
DEBUG:root:Order:2 19 1
DEBUG:root:Finish turn

DEBUG:root:Order:2 0 1
DEBUG:root:Order:2 19 1
DEBUG:root:Order:2 4 2
DEBUG:root:Finish turn

DEBUG:root:Order:2 0 1
DEBUG:root:Order:2 19 1
DEBUG:root:Order:2 9 1
DEBUG:root:Order:4 9 1
DEBUG:root:Finish turn

DEBUG:root:Order:2 0 1
DEBUG:root:Order:2 19 1
DEBUG:root:Finish turn

DEBUG:root:Order:2 0 1
DEBUG:root:Order:2 19 1
DEBUG:root:Finish turn

DEBUG:root:Order:2 0 1
DEBUG:root:Order:2 19 1
DEBUG:root:Finish turn

DEBUG:root:Order:2 0 2
DEBUG:root:Order:2 19 2
DEBUG:root:Finish turn

DEBUG:root:Order:2 5 16
DEBUG:root:Order:4 5 13
DEBUG:root:Bad order:0 3.0 12
DEBUG:root:Order:19 5 12
DEBUG:root:Finish turn

DEBUG:root:Order:2 5 5
DEBUG:root:Order:4 5 2
DEBUG:root:Order:19 5 1
DEBUG:root:Finish turn

DEBUG:root:Order:2 0 2
DEBUG:root:Order:2 19 1
DEBUG:root:Finish turn

DEBUG:root:Order:2 19 9
DEBUG:root:Order:5 19 9
DEBUG:root:Order:4 19 6
DEBUG:root:Order:0 19 2
DEBUG:root:Order:0 10 4
DEBUG:root:Finish turn

DEBUG:root:Order:2 10 7
DEBUG:root:Order:5 10 7
DEBUG:root:Order:4 10 4
DEBUG:root:Order:0 10 2
DEBUG:root:Order:19 10 2
DEBUG:root:Finish turn

DEBUG:root:Order:2 10 2
DEBUG:root:Order:2 9 1
DEBUG:root:Order:2 0 3
DEBUG:root:Order:5 0 3
DEBUG:root:Finish turn

DEBUG:root:Order:0 19 2
DEBUG:root:Order:0 9 1
DEBUG:root:Order:0 10 1
DEBUG:root:Order:0 2 3
DEBUG:root:Order:5 2 2
DEBUG:root:Finish turn

DEBUG:root:Order:2 0 5
DEBUG:root:Order:2 19 2
DEBUG:root:Order:2 4 1
DEBUG:root:Order:2 9 1
DEBUG:root:Order:2 10 1
DEBUG:root:Finish turn

DEBUG:root:Order:5 11 54.0
DEBUG:root:Order:2 5 7
DEBUG:root:Order:4 5 7
DEBUG:root:Order:9 5 7
DEBUG:root:Order:10 5 7
DEBUG:root:Order:0 5 6
DEBUG:root:Order:19 5 6
DEBUG:root:Finish turn

DEBUG:root:Order:2 0 1
DEBUG:root:Order:2 19 1
DEBUG:root:Order:2 4 2
DEBUG:root:Order:5 4 1
DEBUG:root:Finish turn

DEBUG:root:Order:5 4 7
DEBUG:root:Order:2 4 5
DEBUG:root:Order:9 4 3
DEBUG:root:Order:10 4 3
DEBUG:root:Order:19 4 2
DEBUG:root:Finish turn

DEBUG:root:Order:2 4 2
DEBUG:root:Order:5 4 1
DEBUG:root:Order:5 19 1
DEBUG:root:Order:5 9 2
DEBUG:root:Finish turn

DEBUG:root:Order:2 9 10
DEBUG:root:Order:5 9 8
DEBUG:root:Order:4 9 6
DEBUG:root:Order:10 9 6
DEBUG:root:Order:19 9 5
DEBUG:root:Finish turn

DEBUG:root:Order:2 9 3
DEBUG:root:Order:2 19 3
DEBUG:root:Finish turn

DEBUG:root:Order:19 9 1
DEBUG:root:Finish turn

DEBUG:root:Order:11 19 8
DEBUG:root:Order:11 4 7
DEBUG:root:Order:11 9 7
DEBUG:root:Order:11 2 4
DEBUG:root:Finish turn

DEBUG:root:Order:2 19 2
DEBUG:root:Order:2 4 1
DEBUG:root:Order:2 9 1
DEBUG:root:Finish turn

DEBUG:root:Order:11 19 1
DEBUG:root:Order:11 4 3
DEBUG:root:Finish turn

DEBUG:root:Order:2 4 8
DEBUG:root:Order:11 4 6
DEBUG:root:Order:9 4 4
DEBUG:root:Order:19 4 3
DEBUG:root:Finish turn

DEBUG:root:Order:2 4 2
DEBUG:root:Order:2 19 1
DEBUG:root:Order:2 9 2
DEBUG:root:Order:11 9 1
DEBUG:root:Finish turn

DEBUG:root:Order:9 19 1
DEBUG:root:Order:11 19 1
DEBUG:root:Order:11 4 1
DEBUG:root:Order:11 2 1
DEBUG:root:Finish turn

DEBUG:root:Order:2 0 8
DEBUG:root:Order:9 0 5
DEBUG:root:Order:11 0 5
DEBUG:root:Order:4 0 4
DEBUG:root:Order:19 0 3
DEBUG:root:Finish turn

DEBUG:root:Order:2 0 4
DEBUG:root:Order:11 0 3
DEBUG:root:Order:4 0 1
DEBUG:root:Order:9 0 1
DEBUG:root:Finish turn

DEBUG:root:Order:2 0 3
DEBUG:root:Order:11 0 1
DEBUG:root:Order:11 19 2
DEBUG:root:Finish turn

DEBUG:root:Order:2 19 9
DEBUG:root:Order:11 19 7
DEBUG:root:Order:4 19 6
DEBUG:root:Order:9 19 6
DEBUG:root:Order:0 19 4
DEBUG:root:Finish turn

DEBUG:root:Order:2 19 2
DEBUG:root:Order:11 19 1
DEBUG:root:Order:11 0 1
DEBUG:root:Order:11 4 1
DEBUG:root:Finish turn

DEBUG:root:Order:9 8 64.0
DEBUG:root:Order:2 9 19
DEBUG:root:Order:11 9 16
DEBUG:root:Bad order:0 3.0 13
DEBUG:root:Bad order:0 3.0 14
DEBUG:root:Finish turn

DEBUG:root:Bad order:0 4.0 12
DEBUG:root:Order:19 4 12
DEBUG:root:Order:2 4 2
DEBUG:root:Order:11 4 1
DEBUG:root:Order:11 9 1
DEBUG:root:Finish turn

DEBUG:root:Bad order:0 5.0 11
DEBUG:root:Order:2 9 3
DEBUG:root:Order:11 9 1
DEBUG:root:Finish turn

DEBUG:root:Order:0 19 4
DEBUG:root:Bad order:0 2.0 3
DEBUG:root:Bad order:0 2.0 7
DEBUG:root:Finish turn

DEBUG:root:Order:2 4 10
DEBUG:root:Bad order:0 3.0 9
DEBUG:root:Order:11 4 8
DEBUG:root:Order:19 4 5
DEBUG:root:Finish turn

DEBUG:root:Order:2 4 4
DEBUG:root:Order:11 4 3
DEBUG:root:Finish turn

DEBUG:root:Order:2 4 1
DEBUG:root:Order:2 19 1
DEBUG:root:Finish turn

DEBUG:root:Order:2 11 13
DEBUG:root:Bad order:0 3.0 12
DEBUG:root:Order:4 11 9
DEBUG:root:Order:19 11 8
DEBUG:root:Finish turn

DEBUG:root:Order:0 11 4
DEBUG:root:Order:2 11 3
DEBUG:root:Finish turn

DEBUG:root:Order:2 19 7
DEBUG:root:Order:4 19 4
DEBUG:root:Order:0 19 3
DEBUG:root:Order:11 19 3
DEBUG:root:Finish turn

DEBUG:root:Order:11 2 17
DEBUG:root:Order:4 2 15
DEBUG:root:Order:0 2 14
DEBUG:root:Order:19 2 12
DEBUG:root:Finish turn

DEBUG:root:Order:11 0 7
DEBUG:root:Order:4 0 5
DEBUG:root:Order:2 0 4
DEBUG:root:Order:19 0 4
DEBUG:root:Finish turn

DEBUG:root:Order:2 0 2
DEBUG:root:Order:2 19 1
DEBUG:root:Order:2 4 2
DEBUG:root:Order:11 4 1
DEBUG:root:Finish turn

DEBUG:root:Order:4 0 2
DEBUG:root:Order:4 19 2
DEBUG:root:Finish turn

DEBUG:root:Order:2 11 13
DEBUG:root:Bad order:0 8.0 9
DEBUG:root:Order:19 11 9
DEBUG:root:Order:4 11 8
DEBUG:root:Finish turn

DEBUG:root:Order:0 11 8
DEBUG:root:Order:2 11 2
DEBUG:root:Order:2 19 3
DEBUG:root:Finish turn

DEBUG:root:Finish turn

DEBUG:root:Order:8 0 11
DEBUG:root:Order:8 4 9
DEBUG:root:Order:8 19 9
DEBUG:root:Order:8 11 6
DEBUG:root:Order:8 2 5
DEBUG:root:Finish turn

DEBUG:root:Order:2 4 6
DEBUG:root:Order:11 4 5
DEBUG:root:Order:8 4 4
DEBUG:root:Order:0 4 2
DEBUG:root:Order:19 4 2
DEBUG:root:Finish turn

DEBUG:root:Order:2 8 8
DEBUG:root:Order:11 8 7
DEBUG:root:Bad order:0 3.0 4
DEBUG:root:Order:19 8 4
DEBUG:root:Finish turn

DEBUG:root:Order:11 8 3
DEBUG:root:Order:4 8 1
DEBUG:root:Finish turn

DEBUG:root:Order:11 8 2
DEBUG:root:Finish turn

DEBUG:root:Order:11 19 5
DEBUG:root:Order:4 19 3
DEBUG:root:Finish turn

DEBUG:root:Order:11 19 2
DEBUG:root:Order:11 8 2
DEBUG:root:Finish turn

DEBUG:root:Finish turn

DEBUG:root:Order:11 19 2
DEBUG:root:Order:11 8 2
DEBUG:root:Finish turn

DEBUG:root:Finish turn

DEBUG:root:Order:4 11 16
DEBUG:root:Order:8 11 15
DEBUG:root:Order:19 11 13
DEBUG:root:Order:0 11 2
DEBUG:root:Finish turn

DEBUG:root:Order:11 0 4
DEBUG:root:Bad order:4 1.0 2
DEBUG:root:Order:8 0 1
DEBUG:root:Order:19 0 1
DEBUG:root:Finish turn

DEBUG:root:Order:11 4 7
DEBUG:root:Order:8 4 4
DEBUG:root:Order:19 4 4
DEBUG:root:Finish turn

DEBUG:root:Order:11 19 6
DEBUG:root:Order:8 19 3
DEBUG:root:Order:4 19 2
DEBUG:root:Finish turn

DEBUG:root:Order:11 19 2
DEBUG:root:Finish turn

DEBUG:root:Order:11 19 1
DEBUG:root:Order:11 4 1
DEBUG:root:Finish turn

DEBUG:root:Order:11 19 1
DEBUG:root:Finish turn

DEBUG:root:Order:11 19 2
DEBUG:root:Finish turn

DEBUG:root:Order:11 19 1
DEBUG:root:Order:11 4 1
DEBUG:root:Finish turn

DEBUG:root:Order:11 19 1
DEBUG:root:Finish turn

DEBUG:root:Order:11 19 2
DEBUG:root:Finish turn

DEBUG:root:Order:11 19 9
DEBUG:root:Order:4 19 7
DEBUG:root:Finish turn

DEBUG:root:Order:11 19 1
DEBUG:root:Order:11 4 1
DEBUG:root:Finish turn

DEBUG:root:Order:11 4 14
DEBUG:root:Order:19 4 11
DEBUG:root:Finish turn

DEBUG:root:Bad order:19 19.0 22
DEBUG:root:Bad order:4 17.0 21
DEBUG:root:Finish turn

DEBUG:root:Bad order:4 19.0 21
DEBUG:root:Bad order:19 20.0 21
DEBUG:root:Finish turn

DEBUG:root:Order:4 11 21
DEBUG:root:Order:19 11 20
DEBUG:root:Finish turn

DEBUG:root:Order:11 19 1
DEBUG:root:Order:11 4 1
DEBUG:root:Finish turn

DEBUG:root:Finish turn

DEBUG:root:Order:11 4 1
DEBUG:root:Finish turn

DEBUG:root:Order:11 4 1
DEBUG:root:Finish turn

DEBUG:root:Order:11 4 1
DEBUG:root:Finish turn

DEBUG:root:Order:11 4 1
DEBUG:root:Finish turn

DEBUG:root:Order:11 4 1
DEBUG:root:Finish turn

DEBUG:root:Order:11 4 1
DEBUG:root:Finish turn

DEBUG:root:Order:11 4 1
DEBUG:root:Finish turn

DEBUG:root:Order:11 4 1
DEBUG:root:Finish turn

DEBUG:root:Bad order:4 14.0 25
DEBUG:root:Finish turn

DEBUG:root:Order:4 11 2
DEBUG:root:Finish turn

DEBUG:root:Order:11 4 1
DEBUG:root:Finish turn

DEBUG:root:Order:11 4 1
DEBUG:root:Finish turn

DEBUG:root:Order:11 4 1
DEBUG:root:Finish turn

DEBUG:root:Order:11 4 1
DEBUG:root:Finish turn

DEBUG:root:Order:11 4 1
DEBUG:root:Finish turn

DEBUG:root:Order:11 4 1
DEBUG:root:Finish turn

DEBUG:root:Finish turn

DEBUG:root:Finish turn

DEBUG:root:Finish turn

DEBUG:root:Finish turn

DEBUG:root:Finish turn

DEBUG:root:Finish turn

DEBUG:root:Finish turn

DEBUG:root:Finish turn

DEBUG:root:Finish turn

DEBUG:root:Finish turn

DEBUG:root:Finish turn

DEBUG:root:Finish turn

DEBUG:root:Finish turn

DEBUG:root:Finish turn

DEBUG:root:Finish turn

DEBUG:root:Finish turn

DEBUG:root:Finish turn

DEBUG:root:Finish turn

