DEBUG:root:Order:2 9 85.0
DEBUG:root:Finish turn

DEBUG:root:Order:2 11 13.0
DEBUG:root:Finish turn

DEBUG:root:Order:2 17 5.0
DEBUG:root:Finish turn

DEBUG:root:Order:2 18 5.0
DEBUG:root:Finish turn

DEBUG:root:Finish turn

DEBUG:root:Order:2 12 13.0
DEBUG:root:Finish turn

DEBUG:root:Finish turn

DEBUG:root:Finish turn

DEBUG:root:Finish turn

DEBUG:root:Order:2 5 23.0
DEBUG:root:Finish turn

DEBUG:root:Finish turn

DEBUG:root:Finish turn

DEBUG:root:Finish turn

DEBUG:root:Finish turn

DEBUG:root:Order:2 6 23.0
DEBUG:root:Finish turn

DEBUG:root:Finish turn

DEBUG:root:Finish turn

DEBUG:root:Finish turn

DEBUG:root:Finish turn

DEBUG:root:Finish turn

DEBUG:root:Finish turn

DEBUG:root:Finish turn

DEBUG:root:Order:2 0 38.0
<<<<<<< HEAD
DEBUG:root:Order:11 4 36.0
=======
DEBUG:root:Order:11 18 35.0
>>>>>>> ceda71226e18b4b4b9f0496071e87bbe3657e503
DEBUG:root:Finish turn

DEBUG:root:Finish turn

DEBUG:root:Finish turn

DEBUG:root:Finish turn

DEBUG:root:Finish turn

DEBUG:root:Finish turn

DEBUG:root:Finish turn

DEBUG:root:Order:2 17 16.0
DEBUG:root:Finish turn

DEBUG:root:Finish turn

DEBUG:root:Finish turn

DEBUG:root:Finish turn

<<<<<<< HEAD
DEBUG:root:Order:2 21 59.0
DEBUG:root:Order:11 20 56.0
DEBUG:root:Order:17 19 23.0
=======
DEBUG:root:Order:11 19 56.0
>>>>>>> ceda71226e18b4b4b9f0496071e87bbe3657e503
DEBUG:root:Finish turn

DEBUG:root:Finish turn

<<<<<<< HEAD
DEBUG:root:Finish turn

DEBUG:root:Order:9 5 23.0
=======
DEBUG:root:Order:2 18 36.0
DEBUG:root:Finish turn

DEBUG:root:Order:0 5 21.0
DEBUG:root:Order:2 9 8.0
>>>>>>> ceda71226e18b4b4b9f0496071e87bbe3657e503
DEBUG:root:Finish turn

DEBUG:root:Finish turn

DEBUG:root:Finish turn

DEBUG:root:Finish turn

DEBUG:root:Finish turn

<<<<<<< HEAD
DEBUG:root:Order:2 18 37.0
DEBUG:root:Finish turn

=======
>>>>>>> ceda71226e18b4b4b9f0496071e87bbe3657e503
DEBUG:root:Finish turn

DEBUG:root:Finish turn

<<<<<<< HEAD
DEBUG:root:Order:11 12 49.0
=======
DEBUG:root:Order:11 0 37.0
DEBUG:root:Order:2 17 16.0
>>>>>>> ceda71226e18b4b4b9f0496071e87bbe3657e503
DEBUG:root:Finish turn

DEBUG:root:Finish turn

DEBUG:root:Finish turn

DEBUG:root:Finish turn

<<<<<<< HEAD
DEBUG:root:Order:0 6 28.0
=======
DEBUG:root:Order:2 6 25.0
DEBUG:root:Finish turn

DEBUG:root:Order:19 4 43.0
DEBUG:root:Finish turn

DEBUG:root:Finish turn

DEBUG:root:Finish turn

DEBUG:root:Order:11 0 14.0
DEBUG:root:Finish turn

DEBUG:root:Finish turn

DEBUG:root:Order:2 20 56.0
DEBUG:root:Finish turn

DEBUG:root:Finish turn

DEBUG:root:Order:11 13 60.0
DEBUG:root:Finish turn

DEBUG:root:Order:18 9 23.0
DEBUG:root:Finish turn

DEBUG:root:Order:2 17 16.0
DEBUG:root:Finish turn

DEBUG:root:Finish turn

DEBUG:root:Order:11 19 18.0
DEBUG:root:Finish turn

DEBUG:root:Finish turn

DEBUG:root:Finish turn

DEBUG:root:Finish turn

DEBUG:root:Finish turn

DEBUG:root:Finish turn

DEBUG:root:Finish turn

DEBUG:root:Order:2 0 38.0
DEBUG:root:Finish turn

DEBUG:root:Finish turn

DEBUG:root:Order:2 5 13.0
DEBUG:root:Finish turn

DEBUG:root:Finish turn

DEBUG:root:Finish turn

DEBUG:root:Finish turn

DEBUG:root:Order:2 17 16.0
DEBUG:root:Finish turn

DEBUG:root:Finish turn

DEBUG:root:Finish turn

DEBUG:root:Finish turn

DEBUG:root:Finish turn

DEBUG:root:Order:2 22 38.0
DEBUG:root:Finish turn

DEBUG:root:Finish turn

DEBUG:root:Finish turn

DEBUG:root:Finish turn

DEBUG:root:Order:2 20 12.0
DEBUG:root:Finish turn

DEBUG:root:Finish turn

DEBUG:root:Finish turn

DEBUG:root:Order:2 9 8.0
DEBUG:root:Finish turn

DEBUG:root:Finish turn

DEBUG:root:Order:2 17 16.0
DEBUG:root:Finish turn

DEBUG:root:Finish turn

DEBUG:root:Finish turn

>>>>>>> ceda71226e18b4b4b9f0496071e87bbe3657e503
DEBUG:root:Finish turn

DEBUG:root:Order:4 1 37.0
DEBUG:root:Order:17 13 38.0
DEBUG:root:Finish turn

DEBUG:root:Finish turn

DEBUG:root:Order:22 14 10.0
DEBUG:root:Finish turn

DEBUG:root:Finish turn

DEBUG:root:Order:2 14 60.0
DEBUG:root:Finish turn

DEBUG:root:Finish turn

<<<<<<< HEAD
DEBUG:root:Order:11 15 60.0
=======
DEBUG:root:Order:17 9 9.0
>>>>>>> ceda71226e18b4b4b9f0496071e87bbe3657e503
DEBUG:root:Finish turn

DEBUG:root:Order:21 16 60.0
DEBUG:root:Finish turn

<<<<<<< HEAD
DEBUG:root:Order:0 9 31.0
=======
DEBUG:root:Order:17 20 9.0
>>>>>>> ceda71226e18b4b4b9f0496071e87bbe3657e503
DEBUG:root:Finish turn

DEBUG:root:Finish turn

DEBUG:root:Finish turn

DEBUG:root:Finish turn

DEBUG:root:Finish turn

DEBUG:root:Order:4 22 59.0
DEBUG:root:Finish turn

DEBUG:root:Finish turn

DEBUG:root:Finish turn

DEBUG:root:Finish turn

DEBUG:root:Finish turn

DEBUG:root:Finish turn

DEBUG:root:Order:12 10 85.0
DEBUG:root:Finish turn

DEBUG:root:Order:2 3 82.0
DEBUG:root:Finish turn

DEBUG:root:Finish turn

